<?xml version="1.0" encoding="UTF-8"?>
<testsuite xmlns:xsi="http://www.w3.org/2001/XMLSchema-instance" xsi:noNamespaceSchemaLocation="https://maven.apache.org/surefire/maven-surefire-plugin/xsd/surefire-test-report.xsd" version="3.0.2" name="app.chat.ChatAppApplicationTests" time="23.948" tests="1" errors="0" skipped="0" failures="0">
  <properties>
[...]
</properties>
  <testcase name="contextLoads" classname="app.chat.ChatAppApplicationTests" time="1.754">
    <system-out><![CDATA[11:07:52.401 [main] INFO org.springframework.test.context.support.AnnotationConfigContextLoaderUtils -- Could not detect default configuration classes for test class [app.chat.ChatAppApplicationTests]: ChatAppApplicationTests does not declare any static, non-private, non-final, nested classes annotated with @Configuration.
11:07:52.645 [main] INFO org.springframework.boot.test.context.SpringBootTestContextBootstrapper -- Found @SpringBootConfiguration app.chat.ChatAppApplication for test class app.chat.ChatAppApplicationTests

  .   ____          _            __ _ _
 /\\ / ___'_ __ _ _(_)_ __  __ _ \ \ \ \
( ( )\___ | '_ | '_| | '_ \/ _` | \ \ \ \
 \\/  ___)| |_)| | | | | || (_| |  ) ) ) )
  '  |____| .__|_| |_|_| |_\__, | / / / /
 =========|_|==============|___/=/_/_/_/

 :: Spring Boot ::                (v3.4.3)

2025-05-15T11:07:53.733+03:00  INFO 6532 --- [ChatApp] [           main] app.chat.ChatAppApplicationTests         : Starting ChatAppApplicationTests using Java 17.0.12 with PID 6532 (started by JONATHAN in D:\mine\Spring Projects\ChatApp)
2025-05-15T11:07:53.736+03:00  INFO 6532 --- [ChatApp] [           main] app.chat.ChatAppApplicationTests         : No active profile set, falling back to 1 default profile: "default"
2025-05-15T11:07:53.841+03:00 DEBUG 6532 --- [ChatApp] [           main] o.s.w.c.s.GenericWebApplicationContext   : Refreshing org.springframework.web.context.support.GenericWebApplicationContext@3f3ddbd9
2025-05-15T11:07:55.527+03:00  INFO 6532 --- [ChatApp] [           main] .s.d.r.c.RepositoryConfigurationDelegate : Bootstrapping Spring Data JPA repositories in DEFAULT mode.
2025-05-15T11:07:55.926+03:00  INFO 6532 --- [ChatApp] [           main] .s.d.r.c.RepositoryConfigurationDelegate : Finished Spring Data repository scanning in 371 ms. Found 5 JPA repository interfaces.
2025-05-15T11:07:57.530+03:00  INFO 6532 --- [ChatApp] [           main] o.hibernate.jpa.internal.util.LogHelper  : HHH000204: Processing PersistenceUnitInfo [name: default]
2025-05-15T11:07:57.740+03:00  INFO 6532 --- [ChatApp] [           main] org.hibernate.Version                    : HHH000412: Hibernate ORM core version 6.6.8.Final
2025-05-15T11:07:57.865+03:00  INFO 6532 --- [ChatApp] [           main] o.h.c.internal.RegionFactoryInitiator    : HHH000026: Second-level cache disabled
2025-05-15T11:07:58.837+03:00  INFO 6532 --- [ChatApp] [           main] o.s.o.j.p.SpringPersistenceUnitInfo      : No LoadTimeWeaver setup: ignoring JPA class transformer
2025-05-15T11:07:58.929+03:00  INFO 6532 --- [ChatApp] [           main] com.zaxxer.hikari.HikariDataSource       : HikariPool-1 - Starting...
2025-05-15T11:07:59.629+03:00  INFO 6532 --- [ChatApp] [           main] com.zaxxer.hikari.pool.HikariPool        : HikariPool-1 - Added connection org.postgresql.jdbc.PgConnection@603f4e3e
2025-05-15T11:07:59.636+03:00  INFO 6532 --- [ChatApp] [           main] com.zaxxer.hikari.HikariDataSource       : HikariPool-1 - Start completed.
2025-05-15T11:08:00.337+03:00  INFO 6532 --- [ChatApp] [           main] org.hibernate.orm.connections.pooling    : HHH10001005: Database info:
	Database JDBC URL [Connecting through datasource 'HikariDataSource (HikariPool-1)']
	Database driver: undefined/unknown
	Database version: 15.12
	Autocommit mode: undefined/unknown
	Isolation level: undefined/unknown
	Minimum pool size: undefined/unknown
	Maximum pool size: undefined/unknown
2025-05-15T11:08:03.251+03:00  INFO 6532 --- [ChatApp] [           main] o.h.e.t.j.p.i.JtaPlatformInitiator       : HHH000489: No JTA platform available (set 'hibernate.transaction.jta.platform' to enable JTA platform integration)
2025-05-15T11:08:03.298+03:00  INFO 6532 --- [ChatApp] [           main] org.hibernate.orm.connections.access     : HHH10001501: Connection obtained from JdbcConnectionAccess [org.hibernate.engine.jdbc.env.internal.JdbcEnvironmentInitiator$ConnectionProviderJdbcConnectionAccess@68838767] for (non-JTA) DDL execution was not in auto-commit mode; the Connection 'local transaction' will be committed and the Connection will be set into auto-commit mode.
2025-05-15T11:08:04.702+03:00  INFO 6532 --- [ChatApp] [           main] j.LocalContainerEntityManagerFactoryBean : Initialized JPA EntityManagerFactory for persistence unit 'default'
2025-05-15T11:08:05.254+03:00  INFO 6532 --- [ChatApp] [           main] o.s.d.j.r.query.QueryEnhancerFactory     : Hibernate is in classpath; If applicable, HQL parser will be used.
2025-05-15T11:08:06.975+03:00  WARN 6532 --- [ChatApp] [           main] JpaBaseConfiguration$JpaWebConfiguration : spring.jpa.open-in-view is enabled by default. Therefore, database queries may be performed during view rendering. Explicitly configure spring.jpa.open-in-view to disable this warning
2025-05-15T11:08:07.042+03:00  INFO 6532 --- [ChatApp] [           main] r$InitializeUserDetailsManagerConfigurer : Global AuthenticationManager configured with UserDetailsService bean with name customUserServiceImpl
2025-05-15T11:08:09.685+03:00 DEBUG 6532 --- [ChatApp] [           main] o.s.w.s.s.s.WebSocketHandlerMapping      : Patterns [/ws/**] in 'stompWebSocketHandlerMapping'
2025-05-15T11:08:10.416+03:00 DEBUG 6532 --- [ChatApp] [           main] s.w.s.m.m.a.RequestMappingHandlerMapping : 31 mappings in 'requestMappingHandlerMapping'
2025-05-15T11:08:11.066+03:00 DEBUG 6532 --- [ChatApp] [           main] o.s.w.s.handler.SimpleUrlHandlerMapping  : Patterns [/webjars/**, /**] in 'resourceHandlerMapping'
2025-05-15T11:08:11.967+03:00 DEBUG 6532 --- [ChatApp] [           main] .WebSocketAnnotationMethodMessageHandler : 
	a.c.c.AuthController:
	
2025-05-15T11:08:11.975+03:00 DEBUG 6532 --- [ChatApp] [           main] .WebSocketAnnotationMethodMessageHandler : 
	a.c.c.ChatRestController:
	
2025-05-15T11:08:11.975+03:00 DEBUG 6532 --- [ChatApp] [           main] .WebSocketAnnotationMethodMessageHandler : 
	a.c.c.GroupController:
	
2025-05-15T11:08:12.013+03:00 DEBUG 6532 --- [ChatApp] [           main] .WebSocketAnnotationMethodMessageHandler : 
	a.c.c.WebSocketChatController:
	{[MESSAGE],[/chat.join]}: join(Message,Principal)
	{[MESSAGE],[/chat.group.update/{groupId}]}: updateGroup(Long,Message,Principal)
	{[MESSAGE],[/chat.sendGroupMessage/{groupId}]}: sendGroupMessage(Long,Message,Principal)
	{[MESSAGE],[/chat.typing/{destinationId}]}: sendTyping(String,Message,Principal)
	{[MESSAGE],[/chat.sendMessage]}: sendPublicMessage(Message,Principal)
	{[MESSAGE],[/chat.sendMessage/{recipientId}]}: sendMessage(Long,Message,Principal)
2025-05-15T11:08:12.020+03:00 DEBUG 6532 --- [ChatApp] [           main] .WebSocketAnnotationMethodMessageHandler : 
	o.s.b.a.w.s.e.BasicErrorController:
	
2025-05-15T11:08:12.719+03:00 DEBUG 6532 --- [ChatApp] [           main] s.w.s.m.m.a.RequestMappingHandlerAdapter : ControllerAdvice beans: 0 @ModelAttribute, 0 @InitBinder, 1 RequestBodyAdvice, 1 ResponseBodyAdvice
2025-05-15T11:08:13.049+03:00 DEBUG 6532 --- [ChatApp] [           main] .m.m.a.ExceptionHandlerExceptionResolver : ControllerAdvice beans: 1 @ExceptionHandler, 1 ResponseBodyAdvice
2025-05-15T11:08:14.067+03:00 DEBUG 6532 --- [ChatApp] [           main] org.springframework.web.SimpLogging      : clientOutboundChannel added SubProtocolWebSocketHandler[StompSubProtocolHandler[v10.stomp, v11.stomp, v12.stomp]]
2025-05-15T11:08:14.068+03:00 DEBUG 6532 --- [ChatApp] [           main] org.springframework.web.SimpLogging      : clientInboundChannel added WebSocketAnnotationMethodMessageHandler[prefixes=[/app/]]
2025-05-15T11:08:14.072+03:00  INFO 6532 --- [ChatApp] [           main] o.s.m.s.b.SimpleBrokerMessageHandler     : Starting...
2025-05-15T11:08:14.073+03:00 DEBUG 6532 --- [ChatApp] [           main] org.springframework.web.SimpLogging      : clientInboundChannel added SimpleBrokerMessageHandler [org.springframework.messaging.simp.broker.DefaultSubscriptionRegistry@5f7a7699]
2025-05-15T11:08:14.074+03:00 DEBUG 6532 --- [ChatApp] [           main] org.springframework.web.SimpLogging      : brokerChannel added SimpleBrokerMessageHandler [org.springframework.messaging.simp.broker.DefaultSubscriptionRegistry@5f7a7699]
2025-05-15T11:08:14.075+03:00  INFO 6532 --- [ChatApp] [           main] o.s.m.s.b.SimpleBrokerMessageHandler     : BrokerAvailabilityEvent[available=true, SimpleBrokerMessageHandler [org.springframework.messaging.simp.broker.DefaultSubscriptionRegistry@5f7a7699]]
2025-05-15T11:08:14.078+03:00  INFO 6532 --- [ChatApp] [           main] o.s.m.s.b.SimpleBrokerMessageHandler     : Started.
2025-05-15T11:08:14.078+03:00 DEBUG 6532 --- [ChatApp] [           main] org.springframework.web.SimpLogging      : clientInboundChannel added UserDestinationMessageHandler[DefaultUserDestinationResolver[prefix=/user/]]
2025-05-15T11:08:14.079+03:00 DEBUG 6532 --- [ChatApp] [           main] org.springframework.web.SimpLogging      : brokerChannel added UserDestinationMessageHandler[DefaultUserDestinationResolver[prefix=/user/]]
2025-05-15T11:08:14.138+03:00  INFO 6532 --- [ChatApp] [           main] app.chat.ChatAppApplicationTests         : Started ChatAppApplicationTests in 21.18 seconds (process running for 23.52)
]]></system-out>
  </testcase>
</testsuite>